<root><Dimensions><Dimension><Id>1</Id><Title>dim 1</Title><Rubrics/></Dimension><Dimension><Id>2</Id><Title>deim 2</Title><Rubrics/></Dimension></Dimensions></root>