<root><Dimensions><Dimension><Id>1</Id><Title>Dimension 1</Title><Rubrics><Rubric><Title>test 1</Title><Id>460.89306378776394</Id><Rubrics><Rubric><Title>dasdas</Title><Id>245.5976366769721</Id><Rubrics/></Rubric></Rubrics></Rubric><Rubric><Title>tes 2</Title><Id>30.792391936434793</Id><Rubrics/></Rubric></Rubrics></Dimension><Dimension><Id>2</Id><Title>Dimension 2</Title><Rubrics><Rubric><Title>Rubrique 2</Title><Id>760.1764181882329</Id><Rubrics/></Rubric><Rubric><Title>rubrique 3</Title><Id>403.06778038685053</Id><Rubrics/></Rubric></Rubrics></Dimension></Dimensions></root>