<root><Dimensions><Dimension><Id>1</Id><Title>dim 2</Title><Rubrics><Rubric><Title>rubrique</Title><Id>477.8735180218896</Id><Rubrics/></Rubric></Rubrics></Dimension><Dimension><Id>2</Id><Title>dim 3</Title><Rubrics/></Dimension></Dimensions></root>