<root><Dimensions><Dimension><Id>1</Id><Title>dasdsa</Title><Rubrics><Rubric><Title>asdasdsa</Title><Id>49.13440348291598</Id><Rubrics/></Rubric></Rubrics></Dimension><Dimension><Id>2</Id><Title>dasda</Title><Rubrics/></Dimension></Dimensions></root>